<?xml version="1.0" encoding="UTF-8"?>
<!-- Generated by org.testng.reporters.JUnitXMLReporter -->
<testsuite hostname="CSLH1613" ignored="0" name="Default test" tests="4" failures="0" timestamp="2020-08-25T21:58:50 IST" time="0.06" errors="0">
  <testcase name="test1" time="0.008" classname="dependency.depends"/>
  <testcase name="test3" time="0.0" classname="dependency.depends"/>
  <testcase name="test2" time="0.001" classname="dependency.depends"/>
  <testcase name="test4" time="0.001" classname="dependency.depends"/>
</testsuite> <!-- Default test -->
