<?xml version="1.0" encoding="UTF-8"?>
<!-- Generated by org.testng.reporters.JUnitXMLReporter -->
<testsuite hostname="CSLH1613" ignored="2" name="Test7" tests="2" failures="0" timestamp="2020-08-25T17:50:40 IST" time="0.056" errors="0">
  <testcase name="test1" time="0.008" classname="groups.groupDemo"/>
  <testcase name="test2" time="0.002" classname="groups.groupDemo"/>
  <testcase name="test4" time="0.0" classname="groups.groupDemo">
    <ignored/>
  </testcase> <!-- test4 -->
  <testcase name="test3" time="0.0" classname="groups.groupDemo">
    <ignored/>
  </testcase> <!-- test3 -->
</testsuite> <!-- Test7 -->
