<?xml version="1.0" encoding="UTF-8"?>
<testng-results skipped="0" failed="0" ignored="0" total="4" passed="4">
  <reporter-output>
  </reporter-output>
  <suite name="Default suite" duration-ms="60" started-at="2020-08-25T21:58:50 IST" finished-at="2020-08-25T21:58:50 IST">
    <groups>
    </groups>
    <test name="Default test" duration-ms="60" started-at="2020-08-25T21:58:50 IST" finished-at="2020-08-25T21:58:50 IST">
      <class name="dependency.depends">
        <test-method status="PASS" signature="test1()[pri:0, instance:dependency.depends@3dfc5fb8]" name="test1" duration-ms="8" started-at="2020-08-25T21:58:50 IST" finished-at="2020-08-25T21:58:50 IST">
          <reporter-output>
          </reporter-output>
        </test-method> <!-- test1 -->
        <test-method status="PASS" signature="test3()[pri:0, instance:dependency.depends@3dfc5fb8]" name="test3" duration-ms="0" started-at="2020-08-25T21:58:50 IST" finished-at="2020-08-25T21:58:50 IST">
          <reporter-output>
          </reporter-output>
        </test-method> <!-- test3 -->
        <test-method status="PASS" signature="test2()[pri:0, instance:dependency.depends@3dfc5fb8]" name="test2" duration-ms="1" started-at="2020-08-25T21:58:50 IST" depends-on-methods="dependency.depends.test3, dependency.depends.test1" finished-at="2020-08-25T21:58:50 IST">
          <reporter-output>
          </reporter-output>
        </test-method> <!-- test2 -->
        <test-method status="PASS" signature="test4()[pri:0, instance:dependency.depends@3dfc5fb8]" name="test4" duration-ms="1" started-at="2020-08-25T21:58:50 IST" depends-on-methods="dependency.depends.test2" finished-at="2020-08-25T21:58:50 IST">
          <reporter-output>
          </reporter-output>
        </test-method> <!-- test4 -->
      </class> <!-- dependency.depends -->
    </test> <!-- Default test -->
  </suite> <!-- Default suite -->
</testng-results>
